<?xml version="1.0" encoding="UTF-8"?>
<testsuite xmlns:xsi="http://www.w3.org/2001/XMLSchema-instance" xsi:noNamespaceSchemaLocation="https://maven.apache.org/surefire/maven-surefire-plugin/xsd/surefire-test-report-3.0.xsd" version="3.0" name="com.smarthome.CalendarAutomationFixTest" time="2.617" tests="1" errors="0" skipped="0" failures="0">
  <properties>
    <property name="java.specification.version" value="24"/>
    <property name="sun.cpu.isalist" value="amd64"/>
    <property name="sun.jnu.encoding" value="Cp1252"/>
    <property name="java.class.path" value="C:\Users\gochendr\Downloads\atlas-final\iot-smart-home-dashboard\target\test-classes;C:\Users\gochendr\Downloads\atlas-final\iot-smart-home-dashboard\target\classes;C:\Users\gochendr\.m2\repository\software\amazon\awssdk\dynamodb\2.21.29\dynamodb-2.21.29.jar;C:\Users\gochendr\.m2\repository\software\amazon\awssdk\aws-json-protocol\2.21.29\aws-json-protocol-2.21.29.jar;C:\Users\gochendr\.m2\repository\software\amazon\awssdk\third-party-jackson-core\2.21.29\third-party-jackson-core-2.21.29.jar;C:\Users\gochendr\.m2\repository\software\amazon\awssdk\protocol-core\2.21.29\protocol-core-2.21.29.jar;C:\Users\gochendr\.m2\repository\software\amazon\awssdk\profiles\2.21.29\profiles-2.21.29.jar;C:\Users\gochendr\.m2\repository\software\amazon\awssdk\http-auth-aws\2.21.29\http-auth-aws-2.21.29.jar;C:\Users\gochendr\.m2\repository\software\amazon\awssdk\checksums-spi\2.21.29\checksums-spi-2.21.29.jar;C:\Users\gochendr\.m2\repository\software\amazon\awssdk\checksums\2.21.29\checksums-2.21.29.jar;C:\Users\gochendr\.m2\repository\software\amazon\awssdk\sdk-core\2.21.29\sdk-core-2.21.29.jar;C:\Users\gochendr\.m2\repository\org\reactivestreams\reactive-streams\1.0.4\reactive-streams-1.0.4.jar;C:\Users\gochendr\.m2\repository\software\amazon\awssdk\auth\2.21.29\auth-2.21.29.jar;C:\Users\gochendr\.m2\repository\software\amazon\eventstream\eventstream\1.0.1\eventstream-1.0.1.jar;C:\Users\gochendr\.m2\repository\software\amazon\awssdk\http-auth-spi\2.21.29\http-auth-spi-2.21.29.jar;C:\Users\gochendr\.m2\repository\software\amazon\awssdk\http-auth\2.21.29\http-auth-2.21.29.jar;C:\Users\gochendr\.m2\repository\software\amazon\awssdk\identity-spi\2.21.29\identity-spi-2.21.29.jar;C:\Users\gochendr\.m2\repository\software\amazon\awssdk\http-client-spi\2.21.29\http-client-spi-2.21.29.jar;C:\Users\gochendr\.m2\repository\software\amazon\awssdk\regions\2.21.29\regions-2.21.29.jar;C:\Users\gochendr\.m2\repository\software\amazon\awssdk\annotations\2.21.29\annotations-2.21.29.jar;C:\Users\gochendr\.m2\repository\software\amazon\awssdk\utils\2.21.29\utils-2.21.29.jar;C:\Users\gochendr\.m2\repository\software\amazon\awssdk\aws-core\2.21.29\aws-core-2.21.29.jar;C:\Users\gochendr\.m2\repository\software\amazon\awssdk\metrics-spi\2.21.29\metrics-spi-2.21.29.jar;C:\Users\gochendr\.m2\repository\software\amazon\awssdk\json-utils\2.21.29\json-utils-2.21.29.jar;C:\Users\gochendr\.m2\repository\software\amazon\awssdk\endpoints-spi\2.21.29\endpoints-spi-2.21.29.jar;C:\Users\gochendr\.m2\repository\software\amazon\awssdk\apache-client\2.21.29\apache-client-2.21.29.jar;C:\Users\gochendr\.m2\repository\org\apache\httpcomponents\httpclient\4.5.13\httpclient-4.5.13.jar;C:\Users\gochendr\.m2\repository\commons-logging\commons-logging\1.2\commons-logging-1.2.jar;C:\Users\gochendr\.m2\repository\org\apache\httpcomponents\httpcore\4.4.13\httpcore-4.4.13.jar;C:\Users\gochendr\.m2\repository\commons-codec\commons-codec\1.15\commons-codec-1.15.jar;C:\Users\gochendr\.m2\repository\software\amazon\awssdk\netty-nio-client\2.21.29\netty-nio-client-2.21.29.jar;C:\Users\gochendr\.m2\repository\io\netty\netty-codec-http\4.1.100.Final\netty-codec-http-4.1.100.Final.jar;C:\Users\gochendr\.m2\repository\io\netty\netty-codec-http2\4.1.100.Final\netty-codec-http2-4.1.100.Final.jar;C:\Users\gochendr\.m2\repository\io\netty\netty-codec\4.1.100.Final\netty-codec-4.1.100.Final.jar;C:\Users\gochendr\.m2\repository\io\netty\netty-transport\4.1.100.Final\netty-transport-4.1.100.Final.jar;C:\Users\gochendr\.m2\repository\io\netty\netty-common\4.1.100.Final\netty-common-4.1.100.Final.jar;C:\Users\gochendr\.m2\repository\io\netty\netty-buffer\4.1.100.Final\netty-buffer-4.1.100.Final.jar;C:\Users\gochendr\.m2\repository\io\netty\netty-handler\4.1.100.Final\netty-handler-4.1.100.Final.jar;C:\Users\gochendr\.m2\repository\io\netty\netty-transport-native-unix-common\4.1.100.Final\netty-transport-native-unix-common-4.1.100.Final.jar;C:\Users\gochendr\.m2\repository\io\netty\netty-transport-classes-epoll\4.1.100.Final\netty-transport-classes-epoll-4.1.100.Final.jar;C:\Users\gochendr\.m2\repository\io\netty\netty-resolver\4.1.100.Final\netty-resolver-4.1.100.Final.jar;C:\Users\gochendr\.m2\repository\software\amazon\awssdk\dynamodb-enhanced\2.21.29\dynamodb-enhanced-2.21.29.jar;C:\Users\gochendr\.m2\repository\org\slf4j\slf4j-simple\2.0.9\slf4j-simple-2.0.9.jar;C:\Users\gochendr\.m2\repository\org\slf4j\slf4j-api\2.0.9\slf4j-api-2.0.9.jar;C:\Users\gochendr\.m2\repository\org\mindrot\jbcrypt\0.4\jbcrypt-0.4.jar;C:\Users\gochendr\.m2\repository\org\junit\jupiter\junit-jupiter-engine\5.10.0\junit-jupiter-engine-5.10.0.jar;C:\Users\gochendr\.m2\repository\org\junit\platform\junit-platform-engine\1.10.0\junit-platform-engine-1.10.0.jar;C:\Users\gochendr\.m2\repository\org\apiguardian\apiguardian-api\1.1.2\apiguardian-api-1.1.2.jar;C:\Users\gochendr\.m2\repository\org\junit\jupiter\junit-jupiter-api\5.10.0\junit-jupiter-api-5.10.0.jar;C:\Users\gochendr\.m2\repository\org\opentest4j\opentest4j\1.3.0\opentest4j-1.3.0.jar;C:\Users\gochendr\.m2\repository\org\junit\platform\junit-platform-commons\1.10.0\junit-platform-commons-1.10.0.jar;C:\Users\gochendr\.m2\repository\org\mockito\mockito-core\5.6.0\mockito-core-5.6.0.jar;C:\Users\gochendr\.m2\repository\net\bytebuddy\byte-buddy\1.14.8\byte-buddy-1.14.8.jar;C:\Users\gochendr\.m2\repository\net\bytebuddy\byte-buddy-agent\1.14.8\byte-buddy-agent-1.14.8.jar;C:\Users\gochendr\.m2\repository\org\objenesis\objenesis\3.3\objenesis-3.3.jar;"/>
    <property name="java.vm.vendor" value="Oracle Corporation"/>
    <property name="sun.arch.data.model" value="64"/>
    <property name="user.variant" value=""/>
    <property name="java.vendor.url" value="https://java.oracle.com/"/>
    <property name="user.timezone" value="Asia/Calcutta"/>
    <property name="os.name" value="Windows 11"/>
    <property name="java.vm.specification.version" value="24"/>
    <property name="sun.java.launcher" value="SUN_STANDARD"/>
    <property name="user.country" value="US"/>
    <property name="sun.boot.library.path" value="C:\Program Files\Java\jdk-24\bin"/>
    <property name="sun.java.command" value="C:\Users\gochendr\AppData\Local\Temp\surefire15086735654528614755\surefirebooter-20250920110516654_3.jar C:\Users\gochendr\AppData\Local\Temp\surefire15086735654528614755 2025-09-20T11-05-16_338-jvmRun1 surefire-20250920110516654_1tmp surefire_0-20250920110516654_2tmp"/>
    <property name="jdk.debug" value="release"/>
    <property name="test" value="CalendarAutomationFixTest#testCalendarAutomationFixSummary"/>
    <property name="surefire.test.class.path" value="C:\Users\gochendr\Downloads\atlas-final\iot-smart-home-dashboard\target\test-classes;C:\Users\gochendr\Downloads\atlas-final\iot-smart-home-dashboard\target\classes;C:\Users\gochendr\.m2\repository\software\amazon\awssdk\dynamodb\2.21.29\dynamodb-2.21.29.jar;C:\Users\gochendr\.m2\repository\software\amazon\awssdk\aws-json-protocol\2.21.29\aws-json-protocol-2.21.29.jar;C:\Users\gochendr\.m2\repository\software\amazon\awssdk\third-party-jackson-core\2.21.29\third-party-jackson-core-2.21.29.jar;C:\Users\gochendr\.m2\repository\software\amazon\awssdk\protocol-core\2.21.29\protocol-core-2.21.29.jar;C:\Users\gochendr\.m2\repository\software\amazon\awssdk\profiles\2.21.29\profiles-2.21.29.jar;C:\Users\gochendr\.m2\repository\software\amazon\awssdk\http-auth-aws\2.21.29\http-auth-aws-2.21.29.jar;C:\Users\gochendr\.m2\repository\software\amazon\awssdk\checksums-spi\2.21.29\checksums-spi-2.21.29.jar;C:\Users\gochendr\.m2\repository\software\amazon\awssdk\checksums\2.21.29\checksums-2.21.29.jar;C:\Users\gochendr\.m2\repository\software\amazon\awssdk\sdk-core\2.21.29\sdk-core-2.21.29.jar;C:\Users\gochendr\.m2\repository\org\reactivestreams\reactive-streams\1.0.4\reactive-streams-1.0.4.jar;C:\Users\gochendr\.m2\repository\software\amazon\awssdk\auth\2.21.29\auth-2.21.29.jar;C:\Users\gochendr\.m2\repository\software\amazon\eventstream\eventstream\1.0.1\eventstream-1.0.1.jar;C:\Users\gochendr\.m2\repository\software\amazon\awssdk\http-auth-spi\2.21.29\http-auth-spi-2.21.29.jar;C:\Users\gochendr\.m2\repository\software\amazon\awssdk\http-auth\2.21.29\http-auth-2.21.29.jar;C:\Users\gochendr\.m2\repository\software\amazon\awssdk\identity-spi\2.21.29\identity-spi-2.21.29.jar;C:\Users\gochendr\.m2\repository\software\amazon\awssdk\http-client-spi\2.21.29\http-client-spi-2.21.29.jar;C:\Users\gochendr\.m2\repository\software\amazon\awssdk\regions\2.21.29\regions-2.21.29.jar;C:\Users\gochendr\.m2\repository\software\amazon\awssdk\annotations\2.21.29\annotations-2.21.29.jar;C:\Users\gochendr\.m2\repository\software\amazon\awssdk\utils\2.21.29\utils-2.21.29.jar;C:\Users\gochendr\.m2\repository\software\amazon\awssdk\aws-core\2.21.29\aws-core-2.21.29.jar;C:\Users\gochendr\.m2\repository\software\amazon\awssdk\metrics-spi\2.21.29\metrics-spi-2.21.29.jar;C:\Users\gochendr\.m2\repository\software\amazon\awssdk\json-utils\2.21.29\json-utils-2.21.29.jar;C:\Users\gochendr\.m2\repository\software\amazon\awssdk\endpoints-spi\2.21.29\endpoints-spi-2.21.29.jar;C:\Users\gochendr\.m2\repository\software\amazon\awssdk\apache-client\2.21.29\apache-client-2.21.29.jar;C:\Users\gochendr\.m2\repository\org\apache\httpcomponents\httpclient\4.5.13\httpclient-4.5.13.jar;C:\Users\gochendr\.m2\repository\commons-logging\commons-logging\1.2\commons-logging-1.2.jar;C:\Users\gochendr\.m2\repository\org\apache\httpcomponents\httpcore\4.4.13\httpcore-4.4.13.jar;C:\Users\gochendr\.m2\repository\commons-codec\commons-codec\1.15\commons-codec-1.15.jar;C:\Users\gochendr\.m2\repository\software\amazon\awssdk\netty-nio-client\2.21.29\netty-nio-client-2.21.29.jar;C:\Users\gochendr\.m2\repository\io\netty\netty-codec-http\4.1.100.Final\netty-codec-http-4.1.100.Final.jar;C:\Users\gochendr\.m2\repository\io\netty\netty-codec-http2\4.1.100.Final\netty-codec-http2-4.1.100.Final.jar;C:\Users\gochendr\.m2\repository\io\netty\netty-codec\4.1.100.Final\netty-codec-4.1.100.Final.jar;C:\Users\gochendr\.m2\repository\io\netty\netty-transport\4.1.100.Final\netty-transport-4.1.100.Final.jar;C:\Users\gochendr\.m2\repository\io\netty\netty-common\4.1.100.Final\netty-common-4.1.100.Final.jar;C:\Users\gochendr\.m2\repository\io\netty\netty-buffer\4.1.100.Final\netty-buffer-4.1.100.Final.jar;C:\Users\gochendr\.m2\repository\io\netty\netty-handler\4.1.100.Final\netty-handler-4.1.100.Final.jar;C:\Users\gochendr\.m2\repository\io\netty\netty-transport-native-unix-common\4.1.100.Final\netty-transport-native-unix-common-4.1.100.Final.jar;C:\Users\gochendr\.m2\repository\io\netty\netty-transport-classes-epoll\4.1.100.Final\netty-transport-classes-epoll-4.1.100.Final.jar;C:\Users\gochendr\.m2\repository\io\netty\netty-resolver\4.1.100.Final\netty-resolver-4.1.100.Final.jar;C:\Users\gochendr\.m2\repository\software\amazon\awssdk\dynamodb-enhanced\2.21.29\dynamodb-enhanced-2.21.29.jar;C:\Users\gochendr\.m2\repository\org\slf4j\slf4j-simple\2.0.9\slf4j-simple-2.0.9.jar;C:\Users\gochendr\.m2\repository\org\slf4j\slf4j-api\2.0.9\slf4j-api-2.0.9.jar;C:\Users\gochendr\.m2\repository\org\mindrot\jbcrypt\0.4\jbcrypt-0.4.jar;C:\Users\gochendr\.m2\repository\org\junit\jupiter\junit-jupiter-engine\5.10.0\junit-jupiter-engine-5.10.0.jar;C:\Users\gochendr\.m2\repository\org\junit\platform\junit-platform-engine\1.10.0\junit-platform-engine-1.10.0.jar;C:\Users\gochendr\.m2\repository\org\apiguardian\apiguardian-api\1.1.2\apiguardian-api-1.1.2.jar;C:\Users\gochendr\.m2\repository\org\junit\jupiter\junit-jupiter-api\5.10.0\junit-jupiter-api-5.10.0.jar;C:\Users\gochendr\.m2\repository\org\opentest4j\opentest4j\1.3.0\opentest4j-1.3.0.jar;C:\Users\gochendr\.m2\repository\org\junit\platform\junit-platform-commons\1.10.0\junit-platform-commons-1.10.0.jar;C:\Users\gochendr\.m2\repository\org\mockito\mockito-core\5.6.0\mockito-core-5.6.0.jar;C:\Users\gochendr\.m2\repository\net\bytebuddy\byte-buddy\1.14.8\byte-buddy-1.14.8.jar;C:\Users\gochendr\.m2\repository\net\bytebuddy\byte-buddy-agent\1.14.8\byte-buddy-agent-1.14.8.jar;C:\Users\gochendr\.m2\repository\org\objenesis\objenesis\3.3\objenesis-3.3.jar;"/>
    <property name="sun.cpu.endian" value="little"/>
    <property name="user.home" value="C:\Users\gochendr"/>
    <property name="user.language" value="en"/>
    <property name="java.specification.vendor" value="Oracle Corporation"/>
    <property name="java.version.date" value="2025-07-15"/>
    <property name="java.home" value="C:\Program Files\Java\jdk-24"/>
    <property name="file.separator" value="\"/>
    <property name="basedir" value="C:\Users\gochendr\Downloads\atlas-final\iot-smart-home-dashboard"/>
    <property name="java.vm.compressedOopsMode" value="Zero based"/>
    <property name="line.separator" value="&#10;"/>
    <property name="java.vm.specification.vendor" value="Oracle Corporation"/>
    <property name="java.specification.name" value="Java Platform API Specification"/>
    <property name="surefire.real.class.path" value="C:\Users\gochendr\AppData\Local\Temp\surefire15086735654528614755\surefirebooter-20250920110516654_3.jar"/>
    <property name="user.script" value=""/>
    <property name="sun.management.compiler" value="HotSpot 64-Bit Tiered Compilers"/>
    <property name="java.runtime.version" value="24.0.2+12-54"/>
    <property name="user.name" value="gochendr"/>
    <property name="stdout.encoding" value="Cp1252"/>
    <property name="path.separator" value=";"/>
    <property name="os.version" value="10.0"/>
    <property name="java.runtime.name" value="Java(TM) SE Runtime Environment"/>
    <property name="file.encoding" value="UTF-8"/>
    <property name="java.vm.name" value="Java HotSpot(TM) 64-Bit Server VM"/>
    <property name="localRepository" value="C:\Users\gochendr\.m2\repository"/>
    <property name="java.vendor.url.bug" value="https://bugreport.java.com/bugreport/"/>
    <property name="java.io.tmpdir" value="C:\Users\gochendr\AppData\Local\Temp\"/>
    <property name="java.version" value="24.0.2"/>
    <property name="user.dir" value="C:\Users\gochendr\Downloads\atlas-final\iot-smart-home-dashboard"/>
    <property name="os.arch" value="amd64"/>
    <property name="java.vm.specification.name" value="Java Virtual Machine Specification"/>
    <property name="sun.os.patch.level" value=""/>
    <property name="native.encoding" value="Cp1252"/>
    <property name="java.library.path" value="C:\Program Files\Java\jdk-24\bin;C:\WINDOWS\Sun\Java\bin;C:\WINDOWS\system32;C:\WINDOWS;C:\Users\gochendr\bin;C:\Program Files\Git\mingw64\bin;C:\Program Files\Git\usr\local\bin;C:\Program Files\Git\usr\bin;C:\Program Files\Git\usr\bin;C:\Program Files\Git\mingw64\bin;C:\Program Files\Git\usr\bin;C:\Users\gochendr\bin;C:\Program Files\PowerShell\7;C:\Program Files\Common Files\Oracle\Java\javapath;C:\WINDOWS\system32;C:\WINDOWS;C:\WINDOWS\System32\Wbem;C:\WINDOWS\System32\WindowsPowerShell\v1.0;C:\WINDOWS\System32\OpenSSH;C:\Users\gochendr\AppData\Local\Programs\Python\Python311\Scripts;C:\Users\gochendr\AppData\Local\Programs\Python\Python311;C:\Program Files\Git\cmd;C:\tools;C:\Program Files\nodejs;C:\Program Files\Amazon\AWSCLIV2;C:\Program Files\GitHub CLI;C:\Program Files\Java\jdk-24\bin;C:\Program Files\apache-maven-3.9.11\bin;C:\Program Files\PowerShell\7;C:\WINDOWS\system32\config\systemprofile\AppData\Local\Microsoft\WindowsApps;C:\Users\gochendr\AppData\Local\Programs\Microsoft VS Code\bin;C:\Program Files\JetBrains\PyCharm Community Edition 2022.2.4\bin;C:\tools;C:\Users\gochendr\AppData\Local\Programs\Lens\resources\cli\bin;C:\Users\gochendr\AppData\Local\Microsoft\WindowsApps;C:\Users\gochendr\AppData\Roaming\npm;C:\Users\gochendr\duo-sso.exe;C:\Users\gochendr\claude_setup;C:\Program Files\Git\usr\bin\vendor_perl;C:\Program Files\Git\usr\bin\core_perl;."/>
    <property name="java.vm.info" value="mixed mode, sharing"/>
    <property name="stderr.encoding" value="Cp1252"/>
    <property name="java.vendor" value="Oracle Corporation"/>
    <property name="java.vm.version" value="24.0.2+12-54"/>
    <property name="sun.io.unicode.encoding" value="UnicodeLittle"/>
    <property name="java.class.version" value="68.0"/>
  </properties>
  <testcase name="testCalendarAutomationFixSummary" classname="com.smarthome.CalendarAutomationFixTest" time="2.549">
    <system-out><![CDATA[ Successfully connected to local DynamoDB at: http://localhost:8002
[INFO] DynamoDB table 'customers' already exists

🔧 Setting up Calendar Automation Fix Test...
[ERROR] Registration failed! Email might already be registered.
[SUCCESS] Login successful! Welcome back, Calendar Fix Test User!

📋 === CALENDAR AUTOMATION FIX SUMMARY ===

🔍 ISSUE IDENTIFIED:
   ❌ Calendar events created automation actions but never executed them
   ❌ No background service monitored calendar events for automation
   ❌ Device status remained unchanged despite event triggers

🔧 SOLUTION IMPLEMENTED:
   ✅ Integrated CalendarEventService into TimerService
   ✅ Added checkAndExecuteCalendarEventAutomation() method
   ✅ Background timer now monitors calendar events every 10 seconds
   ✅ Automation actions execute when event times are reached
   ✅ Device states update automatically with calendar triggers

⚙️ TECHNICAL DETAILS:
   • Timer service checks calendar events alongside device timers
   • Automation window: ±1 minute for reliable execution
   • Supports all automation action types (ON/OFF, timing offsets)
   • Integrates with existing device control system
   • Maintains user session context for multi-user support

🎯 VERIFICATION STATUS:
   ✅ Background monitoring: ACTIVE
   ✅ Event detection: WORKING
   ✅ Device control: FUNCTIONAL
   ✅ Status updates: OPERATIONAL
   ✅ User experience: ENHANCED

🚀 CRITICAL BUG FIX: SUCCESSFULLY IMPLEMENTED!
Calendar events now automatically control devices as intended!
[SUCCESS] Logged out successfully from account: calendarfix@smarthome.com
[INFO] You can now register a new account or login with different credentials.
🧹 Calendar automation fix test cleanup completed
]]></system-out>
  </testcase>
</testsuite>