<?xml version="1.0" encoding="UTF-8"?>
<testsuite xmlns:xsi="http://www.w3.org/2001/XMLSchema-instance" xsi:noNamespaceSchemaLocation="https://maven.apache.org/surefire/maven-surefire-plugin/xsd/surefire-test-report-3.0.xsd" version="3.0" name="com.smarthome.DevicePermissionTest" time="3.389" tests="10" errors="0" skipped="0" failures="6">
  <properties>
    <property name="java.specification.version" value="24"/>
    <property name="sun.cpu.isalist" value="amd64"/>
    <property name="sun.jnu.encoding" value="Cp1252"/>
    <property name="java.class.path" value="C:\Users\gochendr\Downloads\atlas\iot-smart-home-dashboard\target\test-classes;C:\Users\gochendr\Downloads\atlas\iot-smart-home-dashboard\target\classes;C:\Users\gochendr\.m2\repository\software\amazon\awssdk\dynamodb\2.21.29\dynamodb-2.21.29.jar;C:\Users\gochendr\.m2\repository\software\amazon\awssdk\aws-json-protocol\2.21.29\aws-json-protocol-2.21.29.jar;C:\Users\gochendr\.m2\repository\software\amazon\awssdk\third-party-jackson-core\2.21.29\third-party-jackson-core-2.21.29.jar;C:\Users\gochendr\.m2\repository\software\amazon\awssdk\protocol-core\2.21.29\protocol-core-2.21.29.jar;C:\Users\gochendr\.m2\repository\software\amazon\awssdk\profiles\2.21.29\profiles-2.21.29.jar;C:\Users\gochendr\.m2\repository\software\amazon\awssdk\http-auth-aws\2.21.29\http-auth-aws-2.21.29.jar;C:\Users\gochendr\.m2\repository\software\amazon\awssdk\checksums-spi\2.21.29\checksums-spi-2.21.29.jar;C:\Users\gochendr\.m2\repository\software\amazon\awssdk\checksums\2.21.29\checksums-2.21.29.jar;C:\Users\gochendr\.m2\repository\software\amazon\awssdk\sdk-core\2.21.29\sdk-core-2.21.29.jar;C:\Users\gochendr\.m2\repository\org\reactivestreams\reactive-streams\1.0.4\reactive-streams-1.0.4.jar;C:\Users\gochendr\.m2\repository\software\amazon\awssdk\auth\2.21.29\auth-2.21.29.jar;C:\Users\gochendr\.m2\repository\software\amazon\eventstream\eventstream\1.0.1\eventstream-1.0.1.jar;C:\Users\gochendr\.m2\repository\software\amazon\awssdk\http-auth-spi\2.21.29\http-auth-spi-2.21.29.jar;C:\Users\gochendr\.m2\repository\software\amazon\awssdk\http-auth\2.21.29\http-auth-2.21.29.jar;C:\Users\gochendr\.m2\repository\software\amazon\awssdk\identity-spi\2.21.29\identity-spi-2.21.29.jar;C:\Users\gochendr\.m2\repository\software\amazon\awssdk\http-client-spi\2.21.29\http-client-spi-2.21.29.jar;C:\Users\gochendr\.m2\repository\software\amazon\awssdk\regions\2.21.29\regions-2.21.29.jar;C:\Users\gochendr\.m2\repository\software\amazon\awssdk\annotations\2.21.29\annotations-2.21.29.jar;C:\Users\gochendr\.m2\repository\software\amazon\awssdk\utils\2.21.29\utils-2.21.29.jar;C:\Users\gochendr\.m2\repository\software\amazon\awssdk\aws-core\2.21.29\aws-core-2.21.29.jar;C:\Users\gochendr\.m2\repository\software\amazon\awssdk\metrics-spi\2.21.29\metrics-spi-2.21.29.jar;C:\Users\gochendr\.m2\repository\software\amazon\awssdk\json-utils\2.21.29\json-utils-2.21.29.jar;C:\Users\gochendr\.m2\repository\software\amazon\awssdk\endpoints-spi\2.21.29\endpoints-spi-2.21.29.jar;C:\Users\gochendr\.m2\repository\software\amazon\awssdk\apache-client\2.21.29\apache-client-2.21.29.jar;C:\Users\gochendr\.m2\repository\org\apache\httpcomponents\httpclient\4.5.13\httpclient-4.5.13.jar;C:\Users\gochendr\.m2\repository\commons-logging\commons-logging\1.2\commons-logging-1.2.jar;C:\Users\gochendr\.m2\repository\org\apache\httpcomponents\httpcore\4.4.13\httpcore-4.4.13.jar;C:\Users\gochendr\.m2\repository\commons-codec\commons-codec\1.15\commons-codec-1.15.jar;C:\Users\gochendr\.m2\repository\software\amazon\awssdk\netty-nio-client\2.21.29\netty-nio-client-2.21.29.jar;C:\Users\gochendr\.m2\repository\io\netty\netty-codec-http\4.1.100.Final\netty-codec-http-4.1.100.Final.jar;C:\Users\gochendr\.m2\repository\io\netty\netty-codec-http2\4.1.100.Final\netty-codec-http2-4.1.100.Final.jar;C:\Users\gochendr\.m2\repository\io\netty\netty-codec\4.1.100.Final\netty-codec-4.1.100.Final.jar;C:\Users\gochendr\.m2\repository\io\netty\netty-transport\4.1.100.Final\netty-transport-4.1.100.Final.jar;C:\Users\gochendr\.m2\repository\io\netty\netty-common\4.1.100.Final\netty-common-4.1.100.Final.jar;C:\Users\gochendr\.m2\repository\io\netty\netty-buffer\4.1.100.Final\netty-buffer-4.1.100.Final.jar;C:\Users\gochendr\.m2\repository\io\netty\netty-handler\4.1.100.Final\netty-handler-4.1.100.Final.jar;C:\Users\gochendr\.m2\repository\io\netty\netty-transport-native-unix-common\4.1.100.Final\netty-transport-native-unix-common-4.1.100.Final.jar;C:\Users\gochendr\.m2\repository\io\netty\netty-transport-classes-epoll\4.1.100.Final\netty-transport-classes-epoll-4.1.100.Final.jar;C:\Users\gochendr\.m2\repository\io\netty\netty-resolver\4.1.100.Final\netty-resolver-4.1.100.Final.jar;C:\Users\gochendr\.m2\repository\software\amazon\awssdk\dynamodb-enhanced\2.21.29\dynamodb-enhanced-2.21.29.jar;C:\Users\gochendr\.m2\repository\org\slf4j\slf4j-simple\2.0.9\slf4j-simple-2.0.9.jar;C:\Users\gochendr\.m2\repository\org\slf4j\slf4j-api\2.0.9\slf4j-api-2.0.9.jar;C:\Users\gochendr\.m2\repository\org\mindrot\jbcrypt\0.4\jbcrypt-0.4.jar;C:\Users\gochendr\.m2\repository\org\junit\jupiter\junit-jupiter-engine\5.10.0\junit-jupiter-engine-5.10.0.jar;C:\Users\gochendr\.m2\repository\org\junit\platform\junit-platform-engine\1.10.0\junit-platform-engine-1.10.0.jar;C:\Users\gochendr\.m2\repository\org\apiguardian\apiguardian-api\1.1.2\apiguardian-api-1.1.2.jar;C:\Users\gochendr\.m2\repository\org\junit\jupiter\junit-jupiter-api\5.10.0\junit-jupiter-api-5.10.0.jar;C:\Users\gochendr\.m2\repository\org\opentest4j\opentest4j\1.3.0\opentest4j-1.3.0.jar;C:\Users\gochendr\.m2\repository\org\junit\platform\junit-platform-commons\1.10.0\junit-platform-commons-1.10.0.jar;C:\Users\gochendr\.m2\repository\org\mockito\mockito-core\5.6.0\mockito-core-5.6.0.jar;C:\Users\gochendr\.m2\repository\net\bytebuddy\byte-buddy\1.14.8\byte-buddy-1.14.8.jar;C:\Users\gochendr\.m2\repository\net\bytebuddy\byte-buddy-agent\1.14.8\byte-buddy-agent-1.14.8.jar;C:\Users\gochendr\.m2\repository\org\objenesis\objenesis\3.3\objenesis-3.3.jar;"/>
    <property name="java.vm.vendor" value="Oracle Corporation"/>
    <property name="sun.arch.data.model" value="64"/>
    <property name="user.variant" value=""/>
    <property name="java.vendor.url" value="https://java.oracle.com/"/>
    <property name="user.timezone" value="Asia/Calcutta"/>
    <property name="os.name" value="Windows 11"/>
    <property name="java.vm.specification.version" value="24"/>
    <property name="sun.java.launcher" value="SUN_STANDARD"/>
    <property name="user.country" value="US"/>
    <property name="sun.boot.library.path" value="C:\Program Files\Java\jdk-24\bin"/>
    <property name="sun.java.command" value="C:\Users\gochendr\AppData\Local\Temp\surefire4720797668845541020\surefirebooter-20250915083954041_3.jar C:\Users\gochendr\AppData\Local\Temp\surefire4720797668845541020 2025-09-15T08-39-53_840-jvmRun1 surefire-20250915083954041_1tmp surefire_0-20250915083954041_2tmp"/>
    <property name="jdk.debug" value="release"/>
    <property name="surefire.test.class.path" value="C:\Users\gochendr\Downloads\atlas\iot-smart-home-dashboard\target\test-classes;C:\Users\gochendr\Downloads\atlas\iot-smart-home-dashboard\target\classes;C:\Users\gochendr\.m2\repository\software\amazon\awssdk\dynamodb\2.21.29\dynamodb-2.21.29.jar;C:\Users\gochendr\.m2\repository\software\amazon\awssdk\aws-json-protocol\2.21.29\aws-json-protocol-2.21.29.jar;C:\Users\gochendr\.m2\repository\software\amazon\awssdk\third-party-jackson-core\2.21.29\third-party-jackson-core-2.21.29.jar;C:\Users\gochendr\.m2\repository\software\amazon\awssdk\protocol-core\2.21.29\protocol-core-2.21.29.jar;C:\Users\gochendr\.m2\repository\software\amazon\awssdk\profiles\2.21.29\profiles-2.21.29.jar;C:\Users\gochendr\.m2\repository\software\amazon\awssdk\http-auth-aws\2.21.29\http-auth-aws-2.21.29.jar;C:\Users\gochendr\.m2\repository\software\amazon\awssdk\checksums-spi\2.21.29\checksums-spi-2.21.29.jar;C:\Users\gochendr\.m2\repository\software\amazon\awssdk\checksums\2.21.29\checksums-2.21.29.jar;C:\Users\gochendr\.m2\repository\software\amazon\awssdk\sdk-core\2.21.29\sdk-core-2.21.29.jar;C:\Users\gochendr\.m2\repository\org\reactivestreams\reactive-streams\1.0.4\reactive-streams-1.0.4.jar;C:\Users\gochendr\.m2\repository\software\amazon\awssdk\auth\2.21.29\auth-2.21.29.jar;C:\Users\gochendr\.m2\repository\software\amazon\eventstream\eventstream\1.0.1\eventstream-1.0.1.jar;C:\Users\gochendr\.m2\repository\software\amazon\awssdk\http-auth-spi\2.21.29\http-auth-spi-2.21.29.jar;C:\Users\gochendr\.m2\repository\software\amazon\awssdk\http-auth\2.21.29\http-auth-2.21.29.jar;C:\Users\gochendr\.m2\repository\software\amazon\awssdk\identity-spi\2.21.29\identity-spi-2.21.29.jar;C:\Users\gochendr\.m2\repository\software\amazon\awssdk\http-client-spi\2.21.29\http-client-spi-2.21.29.jar;C:\Users\gochendr\.m2\repository\software\amazon\awssdk\regions\2.21.29\regions-2.21.29.jar;C:\Users\gochendr\.m2\repository\software\amazon\awssdk\annotations\2.21.29\annotations-2.21.29.jar;C:\Users\gochendr\.m2\repository\software\amazon\awssdk\utils\2.21.29\utils-2.21.29.jar;C:\Users\gochendr\.m2\repository\software\amazon\awssdk\aws-core\2.21.29\aws-core-2.21.29.jar;C:\Users\gochendr\.m2\repository\software\amazon\awssdk\metrics-spi\2.21.29\metrics-spi-2.21.29.jar;C:\Users\gochendr\.m2\repository\software\amazon\awssdk\json-utils\2.21.29\json-utils-2.21.29.jar;C:\Users\gochendr\.m2\repository\software\amazon\awssdk\endpoints-spi\2.21.29\endpoints-spi-2.21.29.jar;C:\Users\gochendr\.m2\repository\software\amazon\awssdk\apache-client\2.21.29\apache-client-2.21.29.jar;C:\Users\gochendr\.m2\repository\org\apache\httpcomponents\httpclient\4.5.13\httpclient-4.5.13.jar;C:\Users\gochendr\.m2\repository\commons-logging\commons-logging\1.2\commons-logging-1.2.jar;C:\Users\gochendr\.m2\repository\org\apache\httpcomponents\httpcore\4.4.13\httpcore-4.4.13.jar;C:\Users\gochendr\.m2\repository\commons-codec\commons-codec\1.15\commons-codec-1.15.jar;C:\Users\gochendr\.m2\repository\software\amazon\awssdk\netty-nio-client\2.21.29\netty-nio-client-2.21.29.jar;C:\Users\gochendr\.m2\repository\io\netty\netty-codec-http\4.1.100.Final\netty-codec-http-4.1.100.Final.jar;C:\Users\gochendr\.m2\repository\io\netty\netty-codec-http2\4.1.100.Final\netty-codec-http2-4.1.100.Final.jar;C:\Users\gochendr\.m2\repository\io\netty\netty-codec\4.1.100.Final\netty-codec-4.1.100.Final.jar;C:\Users\gochendr\.m2\repository\io\netty\netty-transport\4.1.100.Final\netty-transport-4.1.100.Final.jar;C:\Users\gochendr\.m2\repository\io\netty\netty-common\4.1.100.Final\netty-common-4.1.100.Final.jar;C:\Users\gochendr\.m2\repository\io\netty\netty-buffer\4.1.100.Final\netty-buffer-4.1.100.Final.jar;C:\Users\gochendr\.m2\repository\io\netty\netty-handler\4.1.100.Final\netty-handler-4.1.100.Final.jar;C:\Users\gochendr\.m2\repository\io\netty\netty-transport-native-unix-common\4.1.100.Final\netty-transport-native-unix-common-4.1.100.Final.jar;C:\Users\gochendr\.m2\repository\io\netty\netty-transport-classes-epoll\4.1.100.Final\netty-transport-classes-epoll-4.1.100.Final.jar;C:\Users\gochendr\.m2\repository\io\netty\netty-resolver\4.1.100.Final\netty-resolver-4.1.100.Final.jar;C:\Users\gochendr\.m2\repository\software\amazon\awssdk\dynamodb-enhanced\2.21.29\dynamodb-enhanced-2.21.29.jar;C:\Users\gochendr\.m2\repository\org\slf4j\slf4j-simple\2.0.9\slf4j-simple-2.0.9.jar;C:\Users\gochendr\.m2\repository\org\slf4j\slf4j-api\2.0.9\slf4j-api-2.0.9.jar;C:\Users\gochendr\.m2\repository\org\mindrot\jbcrypt\0.4\jbcrypt-0.4.jar;C:\Users\gochendr\.m2\repository\org\junit\jupiter\junit-jupiter-engine\5.10.0\junit-jupiter-engine-5.10.0.jar;C:\Users\gochendr\.m2\repository\org\junit\platform\junit-platform-engine\1.10.0\junit-platform-engine-1.10.0.jar;C:\Users\gochendr\.m2\repository\org\apiguardian\apiguardian-api\1.1.2\apiguardian-api-1.1.2.jar;C:\Users\gochendr\.m2\repository\org\junit\jupiter\junit-jupiter-api\5.10.0\junit-jupiter-api-5.10.0.jar;C:\Users\gochendr\.m2\repository\org\opentest4j\opentest4j\1.3.0\opentest4j-1.3.0.jar;C:\Users\gochendr\.m2\repository\org\junit\platform\junit-platform-commons\1.10.0\junit-platform-commons-1.10.0.jar;C:\Users\gochendr\.m2\repository\org\mockito\mockito-core\5.6.0\mockito-core-5.6.0.jar;C:\Users\gochendr\.m2\repository\net\bytebuddy\byte-buddy\1.14.8\byte-buddy-1.14.8.jar;C:\Users\gochendr\.m2\repository\net\bytebuddy\byte-buddy-agent\1.14.8\byte-buddy-agent-1.14.8.jar;C:\Users\gochendr\.m2\repository\org\objenesis\objenesis\3.3\objenesis-3.3.jar;"/>
    <property name="sun.cpu.endian" value="little"/>
    <property name="user.home" value="C:\Users\gochendr"/>
    <property name="user.language" value="en"/>
    <property name="java.specification.vendor" value="Oracle Corporation"/>
    <property name="java.version.date" value="2025-07-15"/>
    <property name="java.home" value="C:\Program Files\Java\jdk-24"/>
    <property name="file.separator" value="\"/>
    <property name="basedir" value="C:\Users\gochendr\Downloads\atlas\iot-smart-home-dashboard"/>
    <property name="java.vm.compressedOopsMode" value="Zero based"/>
    <property name="line.separator" value="&#10;"/>
    <property name="java.vm.specification.vendor" value="Oracle Corporation"/>
    <property name="java.specification.name" value="Java Platform API Specification"/>
    <property name="surefire.real.class.path" value="C:\Users\gochendr\AppData\Local\Temp\surefire4720797668845541020\surefirebooter-20250915083954041_3.jar"/>
    <property name="user.script" value=""/>
    <property name="sun.management.compiler" value="HotSpot 64-Bit Tiered Compilers"/>
    <property name="java.runtime.version" value="24.0.2+12-54"/>
    <property name="user.name" value="gochendr"/>
    <property name="stdout.encoding" value="Cp1252"/>
    <property name="path.separator" value=";"/>
    <property name="os.version" value="10.0"/>
    <property name="java.runtime.name" value="Java(TM) SE Runtime Environment"/>
    <property name="file.encoding" value="UTF-8"/>
    <property name="java.vm.name" value="Java HotSpot(TM) 64-Bit Server VM"/>
    <property name="localRepository" value="C:\Users\gochendr\.m2\repository"/>
    <property name="java.vendor.url.bug" value="https://bugreport.java.com/bugreport/"/>
    <property name="java.io.tmpdir" value="C:\Users\gochendr\AppData\Local\Temp\"/>
    <property name="java.version" value="24.0.2"/>
    <property name="user.dir" value="C:\Users\gochendr\Downloads\atlas\iot-smart-home-dashboard"/>
    <property name="os.arch" value="amd64"/>
    <property name="java.vm.specification.name" value="Java Virtual Machine Specification"/>
    <property name="sun.os.patch.level" value=""/>
    <property name="native.encoding" value="Cp1252"/>
    <property name="java.library.path" value="C:\Program Files\Java\jdk-24\bin;C:\WINDOWS\Sun\Java\bin;C:\WINDOWS\system32;C:\WINDOWS;C:\Users\gochendr\bin;C:\Program Files\Git\mingw64\bin;C:\Program Files\Git\usr\local\bin;C:\Program Files\Git\usr\bin;C:\Program Files\Git\usr\bin;C:\Program Files\Git\mingw64\bin;C:\Program Files\Git\usr\bin;C:\Users\gochendr\bin;C:\Program Files\Common Files\Oracle\Java\javapath;C:\WINDOWS\system32;C:\WINDOWS;C:\WINDOWS\System32\Wbem;C:\WINDOWS\System32\WindowsPowerShell\v1.0;C:\WINDOWS\System32\OpenSSH;C:\Users\gochendr\AppData\Local\Programs\Python\Python311\Scripts;C:\Users\gochendr\AppData\Local\Programs\Python\Python311;C:\Program Files\Git\cmd;C:\tools;C:\Program Files\nodejs;C:\Program Files\PowerShell\7;C:\Program Files\Amazon\AWSCLIV2;C:\Program Files\GitHub CLI;C:\Program Files\Java\jdk-24\bin;C:\Program Files\apache-maven-3.9.11\bin;C:\WINDOWS\system32\config\systemprofile\AppData\Local\Microsoft\WindowsApps;C:\Users\gochendr\AppData\Local\Programs\Microsoft VS Code\bin;C:\Program Files\JetBrains\PyCharm Community Edition 2022.2.4\bin;C:\tools;C:\Users\gochendr\AppData\Local\Programs\Lens\resources\cli\bin;C:\Users\gochendr\AppData\Local\Microsoft\WindowsApps;C:\Users\gochendr\AppData\Roaming\npm;C:\Users\gochendr\duo-sso.exe;C:\Users\gochendr\claude_setup;C:\Program Files\Git\usr\bin\vendor_perl;C:\Program Files\Git\usr\bin\core_perl;."/>
    <property name="java.vm.info" value="mixed mode, sharing"/>
    <property name="stderr.encoding" value="Cp1252"/>
    <property name="java.vendor" value="Oracle Corporation"/>
    <property name="java.vm.version" value="24.0.2+12-54"/>
    <property name="sun.io.unicode.encoding" value="UnicodeLittle"/>
    <property name="java.class.version" value="68.0"/>
  </properties>
  <testcase name="testCustomerDevicePermissions" classname="com.smarthome.DevicePermissionTest" time="2.225">
    <failure message="Permission should be granted successfully ==&gt; expected: &lt;true&gt; but was: &lt;false&gt;" type="org.opentest4j.AssertionFailedError"><![CDATA[org.opentest4j.AssertionFailedError: Permission should be granted successfully ==> expected: <true> but was: <false>
	at org.junit.jupiter.api.AssertionFailureBuilder.build(AssertionFailureBuilder.java:151)
	at org.junit.jupiter.api.AssertionFailureBuilder.buildAndThrow(AssertionFailureBuilder.java:132)
	at org.junit.jupiter.api.AssertTrue.failNotTrue(AssertTrue.java:63)
	at org.junit.jupiter.api.AssertTrue.assertTrue(AssertTrue.java:36)
	at org.junit.jupiter.api.Assertions.assertTrue(Assertions.java:210)
	at com.smarthome.DevicePermissionTest.testCustomerDevicePermissions(DevicePermissionTest.java:104)
	at java.base/java.lang.reflect.Method.invoke(Method.java:565)
	at java.base/java.util.ArrayList.forEach(ArrayList.java:1604)
	at java.base/java.util.ArrayList.forEach(ArrayList.java:1604)
]]></failure>
    <system-out><![CDATA[✅ Successfully connected to local DynamoDB at: http://localhost:8002
📋 DynamoDB table 'customers' already exists
[ERROR] Registration failed! Email might already be registered.
[ERROR] Registration failed! Email might already be registered.
🔐 Setting up device permission test environment...
[SUCCESS] Login successful! Welcome back, Admin User!
Error: Invalid model for TV
Error: Invalid model for AC
[SUCCESS] Logged out successfully from account: admin@test.com
[INFO] You can now register a new account or login with different credentials.
🧹 Cleaned up permission test environment
]]></system-out>
  </testcase>
  <testcase name="testDevicePermissionMatching" classname="com.smarthome.DevicePermissionTest" time="0.034">
    <system-out><![CDATA[📋 DynamoDB table 'customers' already exists
[ERROR] Registration failed! Email might already be registered.
[ERROR] Registration failed! Email might already be registered.
🔐 Setting up device permission test environment...
✅ Device permission matching test passed
🧹 Cleaned up permission test environment
]]></system-out>
  </testcase>
  <testcase name="testMultipleDevicePermissions" classname="com.smarthome.DevicePermissionTest" time="0.141">
    <failure message="TV permission should be granted ==&gt; expected: &lt;true&gt; but was: &lt;false&gt;" type="org.opentest4j.AssertionFailedError"><![CDATA[org.opentest4j.AssertionFailedError: TV permission should be granted ==> expected: <true> but was: <false>
	at org.junit.jupiter.api.AssertionFailureBuilder.build(AssertionFailureBuilder.java:151)
	at org.junit.jupiter.api.AssertionFailureBuilder.buildAndThrow(AssertionFailureBuilder.java:132)
	at org.junit.jupiter.api.AssertTrue.failNotTrue(AssertTrue.java:63)
	at org.junit.jupiter.api.AssertTrue.assertTrue(AssertTrue.java:36)
	at org.junit.jupiter.api.Assertions.assertTrue(Assertions.java:210)
	at com.smarthome.DevicePermissionTest.testMultipleDevicePermissions(DevicePermissionTest.java:247)
	at java.base/java.lang.reflect.Method.invoke(Method.java:565)
	at java.base/java.util.ArrayList.forEach(ArrayList.java:1604)
	at java.base/java.util.ArrayList.forEach(ArrayList.java:1604)
]]></failure>
    <system-out><![CDATA[📋 DynamoDB table 'customers' already exists
[ERROR] Registration failed! Email might already be registered.
[ERROR] Registration failed! Email might already be registered.
🔐 Setting up device permission test environment...
[SUCCESS] Login successful! Welcome back, Admin User!
[ERROR] member@test.com is already in your group!
Error: Invalid model for TV
Error: Invalid model for AC
A LIGHT already exists in Kitchen. You can only have one LIGHT per room.
[ERROR] Failed to grant permission. Device may not exist or permission already exists.
[ERROR] Failed to grant permission. Device may not exist or permission already exists.
[ERROR] Failed to grant permission. Device may not exist or permission already exists.
[SUCCESS] Logged out successfully from account: admin@test.com
[INFO] You can now register a new account or login with different credentials.
🧹 Cleaned up permission test environment
]]></system-out>
  </testcase>
  <testcase name="testNonAdminPermissionManagement" classname="com.smarthome.DevicePermissionTest" time="0.237">
    <system-out><![CDATA[📋 DynamoDB table 'customers' already exists
[ERROR] Registration failed! Email might already be registered.
[ERROR] Registration failed! Email might already be registered.
🔐 Setting up device permission test environment...
[SUCCESS] Login successful! Welcome back, Admin User!
[ERROR] member@test.com is already in your group!
[SUCCESS] Logged out successfully from account: admin@test.com
[INFO] You can now register a new account or login with different credentials.
[SUCCESS] Login successful! Welcome back, Member User!
[ERROR] Only the group admin can grant device permissions!
[INFO] Group admin is: admin@test.com
✅ Non-admin permission management test passed
[SUCCESS] Logged out successfully from account: member@test.com
[INFO] You can now register a new account or login with different credentials.
🧹 Cleaned up permission test environment
]]></system-out>
  </testcase>
  <testcase name="testRevokeDevicePermissionViaService" classname="com.smarthome.DevicePermissionTest" time="0.116">
    <failure message="Permission should exist before revoking ==&gt; expected: &lt;true&gt; but was: &lt;false&gt;" type="org.opentest4j.AssertionFailedError"><![CDATA[org.opentest4j.AssertionFailedError: Permission should exist before revoking ==> expected: <true> but was: <false>
	at org.junit.jupiter.api.AssertionFailureBuilder.build(AssertionFailureBuilder.java:151)
	at org.junit.jupiter.api.AssertionFailureBuilder.buildAndThrow(AssertionFailureBuilder.java:132)
	at org.junit.jupiter.api.AssertTrue.failNotTrue(AssertTrue.java:63)
	at org.junit.jupiter.api.AssertTrue.assertTrue(AssertTrue.java:36)
	at org.junit.jupiter.api.Assertions.assertTrue(Assertions.java:210)
	at com.smarthome.DevicePermissionTest.testRevokeDevicePermissionViaService(DevicePermissionTest.java:170)
	at java.base/java.lang.reflect.Method.invoke(Method.java:565)
	at java.base/java.util.ArrayList.forEach(ArrayList.java:1604)
	at java.base/java.util.ArrayList.forEach(ArrayList.java:1604)
]]></failure>
    <system-out><![CDATA[📋 DynamoDB table 'customers' already exists
[ERROR] Registration failed! Email might already be registered.
[ERROR] Registration failed! Email might already be registered.
🔐 Setting up device permission test environment...
[SUCCESS] Login successful! Welcome back, Admin User!
[ERROR] member@test.com is already in your group!
Error: Invalid model for TV
[ERROR] Failed to grant permission. Device may not exist or permission already exists.
[SUCCESS] Logged out successfully from account: admin@test.com
[INFO] You can now register a new account or login with different credentials.
🧹 Cleaned up permission test environment
]]></system-out>
  </testcase>
  <testcase name="testPermissionBasedDeviceViewing" classname="com.smarthome.DevicePermissionTest" time="0.216">
    <system-out><![CDATA[📋 DynamoDB table 'customers' already exists
[ERROR] Registration failed! Email might already be registered.
[ERROR] Registration failed! Email might already be registered.
🔐 Setting up device permission test environment...
[SUCCESS] Login successful! Welcome back, Admin User!
[ERROR] member@test.com is already in your group!
Error: Invalid model for TV
Error: Invalid model for AC
[ERROR] Failed to grant permission. Device may not exist or permission already exists.
[SUCCESS] Logged out successfully from account: admin@test.com
[INFO] You can now register a new account or login with different credentials.
[SUCCESS] Login successful! Welcome back, Member User!

=== Group Gadgets ===
[INFO] Group size: 2 member(s) | Admin: admin@test.com
[INFO] Your role: Member
[INFO] Showing your devices + devices you have permission to access
[INFO] You have access to 1 group member devices
Device List (Enter number to view detailed energy info):
+----+-----------------------------+----------+-----------+-------------+-------------+
| #  | Device                      | Power    | Status    | Usage Time  | Energy(kWh) |
+----+-----------------------------+----------+-----------+-------------+-------------+
| 1  | LIGHT Philips Hue (Kitchen) |      60W | OFF       |      0h 00m |       0.000 |
+----+-----------------------------+----------+-----------+-------------+-------------+
✅ Permission-based device viewing test passed - 1 accessible devices
[SUCCESS] Logged out successfully from account: member@test.com
[INFO] You can now register a new account or login with different credentials.
🧹 Cleaned up permission test environment
]]></system-out>
  </testcase>
  <testcase name="testDevicePermissionModel" classname="com.smarthome.DevicePermissionTest" time="0.023">
    <system-out><![CDATA[📋 DynamoDB table 'customers' already exists
[ERROR] Registration failed! Email might already be registered.
[ERROR] Registration failed! Email might already be registered.
🔐 Setting up device permission test environment...
✅ Device permission model test passed
🧹 Cleaned up permission test environment
]]></system-out>
  </testcase>
  <testcase name="testGrantDevicePermissionViaService" classname="com.smarthome.DevicePermissionTest" time="0.112">
    <failure message="Device permission should be granted via service ==&gt; expected: &lt;true&gt; but was: &lt;false&gt;" type="org.opentest4j.AssertionFailedError"><![CDATA[org.opentest4j.AssertionFailedError: Device permission should be granted via service ==> expected: <true> but was: <false>
	at org.junit.jupiter.api.AssertionFailureBuilder.build(AssertionFailureBuilder.java:151)
	at org.junit.jupiter.api.AssertionFailureBuilder.buildAndThrow(AssertionFailureBuilder.java:132)
	at org.junit.jupiter.api.AssertTrue.failNotTrue(AssertTrue.java:63)
	at org.junit.jupiter.api.AssertTrue.assertTrue(AssertTrue.java:36)
	at org.junit.jupiter.api.Assertions.assertTrue(Assertions.java:210)
	at com.smarthome.DevicePermissionTest.testGrantDevicePermissionViaService(DevicePermissionTest.java:151)
	at java.base/java.lang.reflect.Method.invoke(Method.java:565)
	at java.base/java.util.ArrayList.forEach(ArrayList.java:1604)
	at java.base/java.util.ArrayList.forEach(ArrayList.java:1604)
]]></failure>
    <system-out><![CDATA[📋 DynamoDB table 'customers' already exists
[ERROR] Registration failed! Email might already be registered.
[ERROR] Registration failed! Email might already be registered.
🔐 Setting up device permission test environment...
[SUCCESS] Login successful! Welcome back, Admin User!
[ERROR] member@test.com is already in your group!
Error: Invalid model for TV
[ERROR] Failed to grant permission. Device may not exist or permission already exists.
[SUCCESS] Logged out successfully from account: admin@test.com
[INFO] You can now register a new account or login with different credentials.
🧹 Cleaned up permission test environment
]]></system-out>
  </testcase>
  <testcase name="testDuplicatePermissionPrevention" classname="com.smarthome.DevicePermissionTest" time="0.127">
    <failure message="First permission grant should succeed ==&gt; expected: &lt;true&gt; but was: &lt;false&gt;" type="org.opentest4j.AssertionFailedError"><![CDATA[org.opentest4j.AssertionFailedError: First permission grant should succeed ==> expected: <true> but was: <false>
	at org.junit.jupiter.api.AssertionFailureBuilder.build(AssertionFailureBuilder.java:151)
	at org.junit.jupiter.api.AssertionFailureBuilder.buildAndThrow(AssertionFailureBuilder.java:132)
	at org.junit.jupiter.api.AssertTrue.failNotTrue(AssertTrue.java:63)
	at org.junit.jupiter.api.AssertTrue.assertTrue(AssertTrue.java:36)
	at org.junit.jupiter.api.Assertions.assertTrue(Assertions.java:210)
	at com.smarthome.DevicePermissionTest.testDuplicatePermissionPrevention(DevicePermissionTest.java:273)
	at java.base/java.lang.reflect.Method.invoke(Method.java:565)
	at java.base/java.util.ArrayList.forEach(ArrayList.java:1604)
	at java.base/java.util.ArrayList.forEach(ArrayList.java:1604)
]]></failure>
    <system-out><![CDATA[📋 DynamoDB table 'customers' already exists
[ERROR] Registration failed! Email might already be registered.
[ERROR] Registration failed! Email might already be registered.
🔐 Setting up device permission test environment...
[SUCCESS] Login successful! Welcome back, Admin User!
[ERROR] member@test.com is already in your group!
Error: Invalid model for TV
[ERROR] Failed to grant permission. Device may not exist or permission already exists.
[SUCCESS] Logged out successfully from account: admin@test.com
[INFO] You can now register a new account or login with different credentials.
🧹 Cleaned up permission test environment
]]></system-out>
  </testcase>
  <testcase name="testGroupSetupAndAdmin" classname="com.smarthome.DevicePermissionTest" time="0.105">
    <failure message="Member should be added to group successfully ==&gt; expected: &lt;true&gt; but was: &lt;false&gt;" type="org.opentest4j.AssertionFailedError"><![CDATA[org.opentest4j.AssertionFailedError: Member should be added to group successfully ==> expected: <true> but was: <false>
	at org.junit.jupiter.api.AssertionFailureBuilder.build(AssertionFailureBuilder.java:151)
	at org.junit.jupiter.api.AssertionFailureBuilder.buildAndThrow(AssertionFailureBuilder.java:132)
	at org.junit.jupiter.api.AssertTrue.failNotTrue(AssertTrue.java:63)
	at org.junit.jupiter.api.AssertTrue.assertTrue(AssertTrue.java:36)
	at org.junit.jupiter.api.Assertions.assertTrue(Assertions.java:210)
	at com.smarthome.DevicePermissionTest.testGroupSetupAndAdmin(DevicePermissionTest.java:132)
	at java.base/java.lang.reflect.Method.invoke(Method.java:565)
	at java.base/java.util.ArrayList.forEach(ArrayList.java:1604)
	at java.base/java.util.ArrayList.forEach(ArrayList.java:1604)
]]></failure>
    <system-out><![CDATA[📋 DynamoDB table 'customers' already exists
[ERROR] Registration failed! Email might already be registered.
[ERROR] Registration failed! Email might already be registered.
🔐 Setting up device permission test environment...
[SUCCESS] Login successful! Welcome back, Admin User!
[ERROR] member@test.com is already in your group!
[SUCCESS] Logged out successfully from account: admin@test.com
[INFO] You can now register a new account or login with different credentials.
🧹 Cleaned up permission test environment
]]></system-out>
  </testcase>
</testsuite>