<?xml version="1.0" encoding="UTF-8"?>
<testsuite xmlns:xsi="http://www.w3.org/2001/XMLSchema-instance" xsi:noNamespaceSchemaLocation="https://maven.apache.org/surefire/maven-surefire-plugin/xsd/surefire-test-report-3.0.xsd" version="3.0" name="com.smarthome.SmartHomeServiceTest" time="1.287" tests="17" errors="0" skipped="0" failures="0">
  <properties>
    <property name="java.specification.version" value="24"/>
    <property name="sun.cpu.isalist" value="amd64"/>
    <property name="sun.jnu.encoding" value="Cp1252"/>
    <property name="java.class.path" value="C:\Users\gochendr\Downloads\atlas\iot-smart-home-dashboard\target\test-classes;C:\Users\gochendr\Downloads\atlas\iot-smart-home-dashboard\target\classes;C:\Users\gochendr\.m2\repository\software\amazon\awssdk\dynamodb\2.21.29\dynamodb-2.21.29.jar;C:\Users\gochendr\.m2\repository\software\amazon\awssdk\aws-json-protocol\2.21.29\aws-json-protocol-2.21.29.jar;C:\Users\gochendr\.m2\repository\software\amazon\awssdk\third-party-jackson-core\2.21.29\third-party-jackson-core-2.21.29.jar;C:\Users\gochendr\.m2\repository\software\amazon\awssdk\protocol-core\2.21.29\protocol-core-2.21.29.jar;C:\Users\gochendr\.m2\repository\software\amazon\awssdk\profiles\2.21.29\profiles-2.21.29.jar;C:\Users\gochendr\.m2\repository\software\amazon\awssdk\http-auth-aws\2.21.29\http-auth-aws-2.21.29.jar;C:\Users\gochendr\.m2\repository\software\amazon\awssdk\checksums-spi\2.21.29\checksums-spi-2.21.29.jar;C:\Users\gochendr\.m2\repository\software\amazon\awssdk\checksums\2.21.29\checksums-2.21.29.jar;C:\Users\gochendr\.m2\repository\software\amazon\awssdk\sdk-core\2.21.29\sdk-core-2.21.29.jar;C:\Users\gochendr\.m2\repository\org\reactivestreams\reactive-streams\1.0.4\reactive-streams-1.0.4.jar;C:\Users\gochendr\.m2\repository\software\amazon\awssdk\auth\2.21.29\auth-2.21.29.jar;C:\Users\gochendr\.m2\repository\software\amazon\eventstream\eventstream\1.0.1\eventstream-1.0.1.jar;C:\Users\gochendr\.m2\repository\software\amazon\awssdk\http-auth-spi\2.21.29\http-auth-spi-2.21.29.jar;C:\Users\gochendr\.m2\repository\software\amazon\awssdk\http-auth\2.21.29\http-auth-2.21.29.jar;C:\Users\gochendr\.m2\repository\software\amazon\awssdk\identity-spi\2.21.29\identity-spi-2.21.29.jar;C:\Users\gochendr\.m2\repository\software\amazon\awssdk\http-client-spi\2.21.29\http-client-spi-2.21.29.jar;C:\Users\gochendr\.m2\repository\software\amazon\awssdk\regions\2.21.29\regions-2.21.29.jar;C:\Users\gochendr\.m2\repository\software\amazon\awssdk\annotations\2.21.29\annotations-2.21.29.jar;C:\Users\gochendr\.m2\repository\software\amazon\awssdk\utils\2.21.29\utils-2.21.29.jar;C:\Users\gochendr\.m2\repository\software\amazon\awssdk\aws-core\2.21.29\aws-core-2.21.29.jar;C:\Users\gochendr\.m2\repository\software\amazon\awssdk\metrics-spi\2.21.29\metrics-spi-2.21.29.jar;C:\Users\gochendr\.m2\repository\software\amazon\awssdk\json-utils\2.21.29\json-utils-2.21.29.jar;C:\Users\gochendr\.m2\repository\software\amazon\awssdk\endpoints-spi\2.21.29\endpoints-spi-2.21.29.jar;C:\Users\gochendr\.m2\repository\software\amazon\awssdk\apache-client\2.21.29\apache-client-2.21.29.jar;C:\Users\gochendr\.m2\repository\org\apache\httpcomponents\httpclient\4.5.13\httpclient-4.5.13.jar;C:\Users\gochendr\.m2\repository\commons-logging\commons-logging\1.2\commons-logging-1.2.jar;C:\Users\gochendr\.m2\repository\org\apache\httpcomponents\httpcore\4.4.13\httpcore-4.4.13.jar;C:\Users\gochendr\.m2\repository\commons-codec\commons-codec\1.15\commons-codec-1.15.jar;C:\Users\gochendr\.m2\repository\software\amazon\awssdk\netty-nio-client\2.21.29\netty-nio-client-2.21.29.jar;C:\Users\gochendr\.m2\repository\io\netty\netty-codec-http\4.1.100.Final\netty-codec-http-4.1.100.Final.jar;C:\Users\gochendr\.m2\repository\io\netty\netty-codec-http2\4.1.100.Final\netty-codec-http2-4.1.100.Final.jar;C:\Users\gochendr\.m2\repository\io\netty\netty-codec\4.1.100.Final\netty-codec-4.1.100.Final.jar;C:\Users\gochendr\.m2\repository\io\netty\netty-transport\4.1.100.Final\netty-transport-4.1.100.Final.jar;C:\Users\gochendr\.m2\repository\io\netty\netty-common\4.1.100.Final\netty-common-4.1.100.Final.jar;C:\Users\gochendr\.m2\repository\io\netty\netty-buffer\4.1.100.Final\netty-buffer-4.1.100.Final.jar;C:\Users\gochendr\.m2\repository\io\netty\netty-handler\4.1.100.Final\netty-handler-4.1.100.Final.jar;C:\Users\gochendr\.m2\repository\io\netty\netty-transport-native-unix-common\4.1.100.Final\netty-transport-native-unix-common-4.1.100.Final.jar;C:\Users\gochendr\.m2\repository\io\netty\netty-transport-classes-epoll\4.1.100.Final\netty-transport-classes-epoll-4.1.100.Final.jar;C:\Users\gochendr\.m2\repository\io\netty\netty-resolver\4.1.100.Final\netty-resolver-4.1.100.Final.jar;C:\Users\gochendr\.m2\repository\software\amazon\awssdk\dynamodb-enhanced\2.21.29\dynamodb-enhanced-2.21.29.jar;C:\Users\gochendr\.m2\repository\org\slf4j\slf4j-simple\2.0.9\slf4j-simple-2.0.9.jar;C:\Users\gochendr\.m2\repository\org\slf4j\slf4j-api\2.0.9\slf4j-api-2.0.9.jar;C:\Users\gochendr\.m2\repository\org\mindrot\jbcrypt\0.4\jbcrypt-0.4.jar;C:\Users\gochendr\.m2\repository\org\junit\jupiter\junit-jupiter-engine\5.10.0\junit-jupiter-engine-5.10.0.jar;C:\Users\gochendr\.m2\repository\org\junit\platform\junit-platform-engine\1.10.0\junit-platform-engine-1.10.0.jar;C:\Users\gochendr\.m2\repository\org\apiguardian\apiguardian-api\1.1.2\apiguardian-api-1.1.2.jar;C:\Users\gochendr\.m2\repository\org\junit\jupiter\junit-jupiter-api\5.10.0\junit-jupiter-api-5.10.0.jar;C:\Users\gochendr\.m2\repository\org\opentest4j\opentest4j\1.3.0\opentest4j-1.3.0.jar;C:\Users\gochendr\.m2\repository\org\junit\platform\junit-platform-commons\1.10.0\junit-platform-commons-1.10.0.jar;C:\Users\gochendr\.m2\repository\org\mockito\mockito-core\5.6.0\mockito-core-5.6.0.jar;C:\Users\gochendr\.m2\repository\net\bytebuddy\byte-buddy\1.14.8\byte-buddy-1.14.8.jar;C:\Users\gochendr\.m2\repository\net\bytebuddy\byte-buddy-agent\1.14.8\byte-buddy-agent-1.14.8.jar;C:\Users\gochendr\.m2\repository\org\objenesis\objenesis\3.3\objenesis-3.3.jar;"/>
    <property name="java.vm.vendor" value="Oracle Corporation"/>
    <property name="sun.arch.data.model" value="64"/>
    <property name="user.variant" value=""/>
    <property name="java.vendor.url" value="https://java.oracle.com/"/>
    <property name="user.timezone" value="Asia/Calcutta"/>
    <property name="os.name" value="Windows 11"/>
    <property name="java.vm.specification.version" value="24"/>
    <property name="sun.java.launcher" value="SUN_STANDARD"/>
    <property name="user.country" value="US"/>
    <property name="sun.boot.library.path" value="C:\Program Files\Java\jdk-24\bin"/>
    <property name="sun.java.command" value="C:\Users\gochendr\AppData\Local\Temp\surefire4720797668845541020\surefirebooter-20250915083954041_3.jar C:\Users\gochendr\AppData\Local\Temp\surefire4720797668845541020 2025-09-15T08-39-53_840-jvmRun1 surefire-20250915083954041_1tmp surefire_0-20250915083954041_2tmp"/>
    <property name="jdk.debug" value="release"/>
    <property name="surefire.test.class.path" value="C:\Users\gochendr\Downloads\atlas\iot-smart-home-dashboard\target\test-classes;C:\Users\gochendr\Downloads\atlas\iot-smart-home-dashboard\target\classes;C:\Users\gochendr\.m2\repository\software\amazon\awssdk\dynamodb\2.21.29\dynamodb-2.21.29.jar;C:\Users\gochendr\.m2\repository\software\amazon\awssdk\aws-json-protocol\2.21.29\aws-json-protocol-2.21.29.jar;C:\Users\gochendr\.m2\repository\software\amazon\awssdk\third-party-jackson-core\2.21.29\third-party-jackson-core-2.21.29.jar;C:\Users\gochendr\.m2\repository\software\amazon\awssdk\protocol-core\2.21.29\protocol-core-2.21.29.jar;C:\Users\gochendr\.m2\repository\software\amazon\awssdk\profiles\2.21.29\profiles-2.21.29.jar;C:\Users\gochendr\.m2\repository\software\amazon\awssdk\http-auth-aws\2.21.29\http-auth-aws-2.21.29.jar;C:\Users\gochendr\.m2\repository\software\amazon\awssdk\checksums-spi\2.21.29\checksums-spi-2.21.29.jar;C:\Users\gochendr\.m2\repository\software\amazon\awssdk\checksums\2.21.29\checksums-2.21.29.jar;C:\Users\gochendr\.m2\repository\software\amazon\awssdk\sdk-core\2.21.29\sdk-core-2.21.29.jar;C:\Users\gochendr\.m2\repository\org\reactivestreams\reactive-streams\1.0.4\reactive-streams-1.0.4.jar;C:\Users\gochendr\.m2\repository\software\amazon\awssdk\auth\2.21.29\auth-2.21.29.jar;C:\Users\gochendr\.m2\repository\software\amazon\eventstream\eventstream\1.0.1\eventstream-1.0.1.jar;C:\Users\gochendr\.m2\repository\software\amazon\awssdk\http-auth-spi\2.21.29\http-auth-spi-2.21.29.jar;C:\Users\gochendr\.m2\repository\software\amazon\awssdk\http-auth\2.21.29\http-auth-2.21.29.jar;C:\Users\gochendr\.m2\repository\software\amazon\awssdk\identity-spi\2.21.29\identity-spi-2.21.29.jar;C:\Users\gochendr\.m2\repository\software\amazon\awssdk\http-client-spi\2.21.29\http-client-spi-2.21.29.jar;C:\Users\gochendr\.m2\repository\software\amazon\awssdk\regions\2.21.29\regions-2.21.29.jar;C:\Users\gochendr\.m2\repository\software\amazon\awssdk\annotations\2.21.29\annotations-2.21.29.jar;C:\Users\gochendr\.m2\repository\software\amazon\awssdk\utils\2.21.29\utils-2.21.29.jar;C:\Users\gochendr\.m2\repository\software\amazon\awssdk\aws-core\2.21.29\aws-core-2.21.29.jar;C:\Users\gochendr\.m2\repository\software\amazon\awssdk\metrics-spi\2.21.29\metrics-spi-2.21.29.jar;C:\Users\gochendr\.m2\repository\software\amazon\awssdk\json-utils\2.21.29\json-utils-2.21.29.jar;C:\Users\gochendr\.m2\repository\software\amazon\awssdk\endpoints-spi\2.21.29\endpoints-spi-2.21.29.jar;C:\Users\gochendr\.m2\repository\software\amazon\awssdk\apache-client\2.21.29\apache-client-2.21.29.jar;C:\Users\gochendr\.m2\repository\org\apache\httpcomponents\httpclient\4.5.13\httpclient-4.5.13.jar;C:\Users\gochendr\.m2\repository\commons-logging\commons-logging\1.2\commons-logging-1.2.jar;C:\Users\gochendr\.m2\repository\org\apache\httpcomponents\httpcore\4.4.13\httpcore-4.4.13.jar;C:\Users\gochendr\.m2\repository\commons-codec\commons-codec\1.15\commons-codec-1.15.jar;C:\Users\gochendr\.m2\repository\software\amazon\awssdk\netty-nio-client\2.21.29\netty-nio-client-2.21.29.jar;C:\Users\gochendr\.m2\repository\io\netty\netty-codec-http\4.1.100.Final\netty-codec-http-4.1.100.Final.jar;C:\Users\gochendr\.m2\repository\io\netty\netty-codec-http2\4.1.100.Final\netty-codec-http2-4.1.100.Final.jar;C:\Users\gochendr\.m2\repository\io\netty\netty-codec\4.1.100.Final\netty-codec-4.1.100.Final.jar;C:\Users\gochendr\.m2\repository\io\netty\netty-transport\4.1.100.Final\netty-transport-4.1.100.Final.jar;C:\Users\gochendr\.m2\repository\io\netty\netty-common\4.1.100.Final\netty-common-4.1.100.Final.jar;C:\Users\gochendr\.m2\repository\io\netty\netty-buffer\4.1.100.Final\netty-buffer-4.1.100.Final.jar;C:\Users\gochendr\.m2\repository\io\netty\netty-handler\4.1.100.Final\netty-handler-4.1.100.Final.jar;C:\Users\gochendr\.m2\repository\io\netty\netty-transport-native-unix-common\4.1.100.Final\netty-transport-native-unix-common-4.1.100.Final.jar;C:\Users\gochendr\.m2\repository\io\netty\netty-transport-classes-epoll\4.1.100.Final\netty-transport-classes-epoll-4.1.100.Final.jar;C:\Users\gochendr\.m2\repository\io\netty\netty-resolver\4.1.100.Final\netty-resolver-4.1.100.Final.jar;C:\Users\gochendr\.m2\repository\software\amazon\awssdk\dynamodb-enhanced\2.21.29\dynamodb-enhanced-2.21.29.jar;C:\Users\gochendr\.m2\repository\org\slf4j\slf4j-simple\2.0.9\slf4j-simple-2.0.9.jar;C:\Users\gochendr\.m2\repository\org\slf4j\slf4j-api\2.0.9\slf4j-api-2.0.9.jar;C:\Users\gochendr\.m2\repository\org\mindrot\jbcrypt\0.4\jbcrypt-0.4.jar;C:\Users\gochendr\.m2\repository\org\junit\jupiter\junit-jupiter-engine\5.10.0\junit-jupiter-engine-5.10.0.jar;C:\Users\gochendr\.m2\repository\org\junit\platform\junit-platform-engine\1.10.0\junit-platform-engine-1.10.0.jar;C:\Users\gochendr\.m2\repository\org\apiguardian\apiguardian-api\1.1.2\apiguardian-api-1.1.2.jar;C:\Users\gochendr\.m2\repository\org\junit\jupiter\junit-jupiter-api\5.10.0\junit-jupiter-api-5.10.0.jar;C:\Users\gochendr\.m2\repository\org\opentest4j\opentest4j\1.3.0\opentest4j-1.3.0.jar;C:\Users\gochendr\.m2\repository\org\junit\platform\junit-platform-commons\1.10.0\junit-platform-commons-1.10.0.jar;C:\Users\gochendr\.m2\repository\org\mockito\mockito-core\5.6.0\mockito-core-5.6.0.jar;C:\Users\gochendr\.m2\repository\net\bytebuddy\byte-buddy\1.14.8\byte-buddy-1.14.8.jar;C:\Users\gochendr\.m2\repository\net\bytebuddy\byte-buddy-agent\1.14.8\byte-buddy-agent-1.14.8.jar;C:\Users\gochendr\.m2\repository\org\objenesis\objenesis\3.3\objenesis-3.3.jar;"/>
    <property name="sun.cpu.endian" value="little"/>
    <property name="user.home" value="C:\Users\gochendr"/>
    <property name="user.language" value="en"/>
    <property name="java.specification.vendor" value="Oracle Corporation"/>
    <property name="java.version.date" value="2025-07-15"/>
    <property name="java.home" value="C:\Program Files\Java\jdk-24"/>
    <property name="file.separator" value="\"/>
    <property name="basedir" value="C:\Users\gochendr\Downloads\atlas\iot-smart-home-dashboard"/>
    <property name="java.vm.compressedOopsMode" value="Zero based"/>
    <property name="line.separator" value="&#10;"/>
    <property name="java.vm.specification.vendor" value="Oracle Corporation"/>
    <property name="java.specification.name" value="Java Platform API Specification"/>
    <property name="surefire.real.class.path" value="C:\Users\gochendr\AppData\Local\Temp\surefire4720797668845541020\surefirebooter-20250915083954041_3.jar"/>
    <property name="user.script" value=""/>
    <property name="sun.management.compiler" value="HotSpot 64-Bit Tiered Compilers"/>
    <property name="java.runtime.version" value="24.0.2+12-54"/>
    <property name="user.name" value="gochendr"/>
    <property name="stdout.encoding" value="Cp1252"/>
    <property name="path.separator" value=";"/>
    <property name="os.version" value="10.0"/>
    <property name="java.runtime.name" value="Java(TM) SE Runtime Environment"/>
    <property name="file.encoding" value="UTF-8"/>
    <property name="java.vm.name" value="Java HotSpot(TM) 64-Bit Server VM"/>
    <property name="localRepository" value="C:\Users\gochendr\.m2\repository"/>
    <property name="java.vendor.url.bug" value="https://bugreport.java.com/bugreport/"/>
    <property name="java.io.tmpdir" value="C:\Users\gochendr\AppData\Local\Temp\"/>
    <property name="java.version" value="24.0.2"/>
    <property name="user.dir" value="C:\Users\gochendr\Downloads\atlas\iot-smart-home-dashboard"/>
    <property name="os.arch" value="amd64"/>
    <property name="java.vm.specification.name" value="Java Virtual Machine Specification"/>
    <property name="sun.os.patch.level" value=""/>
    <property name="native.encoding" value="Cp1252"/>
    <property name="java.library.path" value="C:\Program Files\Java\jdk-24\bin;C:\WINDOWS\Sun\Java\bin;C:\WINDOWS\system32;C:\WINDOWS;C:\Users\gochendr\bin;C:\Program Files\Git\mingw64\bin;C:\Program Files\Git\usr\local\bin;C:\Program Files\Git\usr\bin;C:\Program Files\Git\usr\bin;C:\Program Files\Git\mingw64\bin;C:\Program Files\Git\usr\bin;C:\Users\gochendr\bin;C:\Program Files\Common Files\Oracle\Java\javapath;C:\WINDOWS\system32;C:\WINDOWS;C:\WINDOWS\System32\Wbem;C:\WINDOWS\System32\WindowsPowerShell\v1.0;C:\WINDOWS\System32\OpenSSH;C:\Users\gochendr\AppData\Local\Programs\Python\Python311\Scripts;C:\Users\gochendr\AppData\Local\Programs\Python\Python311;C:\Program Files\Git\cmd;C:\tools;C:\Program Files\nodejs;C:\Program Files\PowerShell\7;C:\Program Files\Amazon\AWSCLIV2;C:\Program Files\GitHub CLI;C:\Program Files\Java\jdk-24\bin;C:\Program Files\apache-maven-3.9.11\bin;C:\WINDOWS\system32\config\systemprofile\AppData\Local\Microsoft\WindowsApps;C:\Users\gochendr\AppData\Local\Programs\Microsoft VS Code\bin;C:\Program Files\JetBrains\PyCharm Community Edition 2022.2.4\bin;C:\tools;C:\Users\gochendr\AppData\Local\Programs\Lens\resources\cli\bin;C:\Users\gochendr\AppData\Local\Microsoft\WindowsApps;C:\Users\gochendr\AppData\Roaming\npm;C:\Users\gochendr\duo-sso.exe;C:\Users\gochendr\claude_setup;C:\Program Files\Git\usr\bin\vendor_perl;C:\Program Files\Git\usr\bin\core_perl;."/>
    <property name="java.vm.info" value="mixed mode, sharing"/>
    <property name="stderr.encoding" value="Cp1252"/>
    <property name="java.vendor" value="Oracle Corporation"/>
    <property name="java.vm.version" value="24.0.2+12-54"/>
    <property name="sun.io.unicode.encoding" value="UnicodeLittle"/>
    <property name="java.class.version" value="68.0"/>
  </properties>
  <testcase name="testCalendarService" classname="com.smarthome.SmartHomeServiceTest" time="0.007">
    <system-out><![CDATA[📋 DynamoDB table 'customers' already exists
🧪 Setting up test environment...
✅ Calendar service test passed - 15 event types
🧹 Cleaned up test environment
]]></system-out>
  </testcase>
  <testcase name="testSessionManagement" classname="com.smarthome.SmartHomeServiceTest" time="0.108">
    <system-out><![CDATA[📋 DynamoDB table 'customers' already exists
🧪 Setting up test environment...
[ERROR] Registration failed! Email might already be registered.
[SUCCESS] Login successful! Welcome back, JUnit Test User!
✅ Session management test passed
[SUCCESS] Logged out successfully from account: junit.test@example.com
[INFO] You can now register a new account or login with different credentials.
🧹 Cleaned up test environment
]]></system-out>
  </testcase>
  <testcase name="testSmartScenes" classname="com.smarthome.SmartHomeServiceTest" time="0.006">
    <system-out><![CDATA[📋 DynamoDB table 'customers' already exists
🧪 Setting up test environment...
✅ Smart Scenes test passed - 8 scenes available
🧹 Cleaned up test environment
]]></system-out>
  </testcase>
  <testcase name="testGroupManagement" classname="com.smarthome.SmartHomeServiceTest" time="0.097">
    <system-out><![CDATA[📋 DynamoDB table 'customers' already exists
🧪 Setting up test environment...
[ERROR] Registration failed! Email might already be registered.
[SUCCESS] Login successful! Welcome back, JUnit Test User!
✅ Group management basic test passed
[SUCCESS] Logged out successfully from account: junit.test@example.com
[INFO] You can now register a new account or login with different credentials.
🧹 Cleaned up test environment
]]></system-out>
  </testcase>
  <testcase name="testDeviceHealth" classname="com.smarthome.SmartHomeServiceTest" time="0.11">
    <system-out><![CDATA[📋 DynamoDB table 'customers' already exists
🧪 Setting up test environment...
[ERROR] Registration failed! Email might already be registered.
[SUCCESS] Login successful! Welcome back, JUnit Test User!
✅ Device health test passed - Health: 81.5%
[SUCCESS] Logged out successfully from account: junit.test@example.com
[INFO] You can now register a new account or login with different credentials.
🧹 Cleaned up test environment
]]></system-out>
  </testcase>
  <testcase name="testDeviceManagement" classname="com.smarthome.SmartHomeServiceTest" time="0.098">
    <system-out><![CDATA[📋 DynamoDB table 'customers' already exists
🧪 Setting up test environment...
[ERROR] Registration failed! Email might already be registered.
[SUCCESS] Login successful! Welcome back, JUnit Test User!
Error: Invalid model for TV
Error: Invalid model for AC
A LIGHT already exists in Kitchen. You can only have one LIGHT per room.
✅ Device management test completed
[SUCCESS] Logged out successfully from account: junit.test@example.com
[INFO] You can now register a new account or login with different credentials.
🧹 Cleaned up test environment
]]></system-out>
  </testcase>
  <testcase name="testWeatherService" classname="com.smarthome.SmartHomeServiceTest" time="0.008">
    <system-out><![CDATA[📋 DynamoDB table 'customers' already exists
🧪 Setting up test environment...
✅ Weather service test passed
🧹 Cleaned up test environment
]]></system-out>
  </testcase>
  <testcase name="testLoginLogout" classname="com.smarthome.SmartHomeServiceTest" time="0.098">
    <system-out><![CDATA[📋 DynamoDB table 'customers' already exists
🧪 Setting up test environment...
[ERROR] Registration failed! Email might already be registered.
[SUCCESS] Login successful! Welcome back, JUnit Test User!
[SUCCESS] Logged out successfully from account: junit.test@example.com
[INFO] You can now register a new account or login with different credentials.
✅ Login/Logout test passed
🧹 Cleaned up test environment
]]></system-out>
  </testcase>
  <testcase name="testExecuteSmartScene" classname="com.smarthome.SmartHomeServiceTest" time="0.397">
    <system-out><![CDATA[📋 DynamoDB table 'customers' already exists
🧪 Setting up test environment...
[ERROR] Registration failed! Email might already be registered.
[SUCCESS] Login successful! Welcome back, JUnit Test User!
Error: Invalid model for TV
A LIGHT already exists in Living Room. You can only have one LIGHT per room.

=== Scene Execution Report ===
Scene: MORNING
Executed at: 15-09-2025 08:39:59

[Summary] 6 Total | [OK] 2 Success | [FAIL] 4 Failed

Execution Details:
  [OK] Turn on living room lights (already in correct state)
  [OK] Turn on kitchen lights (already in correct state)
  [FAIL] Heat water for morning use - GEYSER in Kitchen not found
  [FAIL] Turn on TV for morning news - TV in Living Room not found
  [FAIL] Turn off bedroom AC - AC in Master Bedroom not found
  [FAIL] Ensure microwave is ready - MICROWAVE in Kitchen not found

[WARNING] Scene partially executed. Some devices may need manual adjustment.
✅ Scene execution test completed
[SUCCESS] Logged out successfully from account: junit.test@example.com
[INFO] You can now register a new account or login with different credentials.
🧹 Cleaned up test environment
]]></system-out>
  </testcase>
  <testcase name="testCustomerRegistration" classname="com.smarthome.SmartHomeServiceTest" time="0.013">
    <system-out><![CDATA[📋 DynamoDB table 'customers' already exists
🧪 Setting up test environment...
[ERROR] Registration failed! Email might already be registered.
✅ Customer registration test completed
🧹 Cleaned up test environment
]]></system-out>
  </testcase>
  <testcase name="testEnergyManagement" classname="com.smarthome.SmartHomeServiceTest" time="0.105">
    <system-out><![CDATA[📋 DynamoDB table 'customers' already exists
🧪 Setting up test environment...
[ERROR] Registration failed! Email might already be registered.
[SUCCESS] Login successful! Welcome back, JUnit Test User!
✅ Energy management test passed - Energy: 2.20 kWh
[SUCCESS] Logged out successfully from account: junit.test@example.com
[INFO] You can now register a new account or login with different credentials.
🧹 Cleaned up test environment
]]></system-out>
  </testcase>
  <testcase name="testViewDevices" classname="com.smarthome.SmartHomeServiceTest" time="0.097">
    <system-out><![CDATA[📋 DynamoDB table 'customers' already exists
🧪 Setting up test environment...
[ERROR] Registration failed! Email might already be registered.
[SUCCESS] Login successful! Welcome back, JUnit Test User!
Error: Invalid model for TV

=== Your Gadgets ===
[INFO] Showing only your personal devices (not part of any group)
[INFO] Use 'Group Management' to create a group and share devices with others
Device List (Enter number to view detailed energy info):
+----+---------------------------------+----------+-----------+-------------+-------------+
| #  | Device                          | Power    | Status    | Usage Time  | Energy(kWh) |
+----+---------------------------------+----------+-----------+-------------+-------------+
| 1  | LIGHT Philips Hue (Kitchen)     |      60W | RUNNING   |     18h 20m |       1.100 |
|    |   Current Session:              |          |           | 18.3h       |             |
| 2  | LIGHT Philips Hue (Living Room) |      60W | RUNNING   |     18h 20m |       1.100 |
|    |   Current Session:              |          |           | 18.3h       |             |
+----+---------------------------------+----------+-----------+-------------+-------------+
✅ Device viewing test passed - Found 2 devices
[SUCCESS] Logged out successfully from account: junit.test@example.com
[INFO] You can now register a new account or login with different credentials.
🧹 Cleaned up test environment
]]></system-out>
  </testcase>
  <testcase name="testServiceInitialization" classname="com.smarthome.SmartHomeServiceTest" time="0.006">
    <system-out><![CDATA[📋 DynamoDB table 'customers' already exists
🧪 Setting up test environment...
✅ Service initialization test passed
🧹 Cleaned up test environment
]]></system-out>
  </testcase>
  <testcase name="testPasswordValidation" classname="com.smarthome.SmartHomeServiceTest" time="0.007">
    <system-out><![CDATA[📋 DynamoDB table 'customers' already exists
🧪 Setting up test environment...
[ERROR] Invalid password! Please ensure your password meets all requirements:
Password must be 8-128 characters long and contain:
- At least one uppercase letter (A-Z)
- At least one lowercase letter (a-z)
- At least one number (0-9)
- At least one special character (!@#$%^&*)
- Cannot be a common password
- Cannot have more than 2 repeating characters
Passwords do not match!
✅ Password validation test passed
🧹 Cleaned up test environment
]]></system-out>
  </testcase>
  <testcase name="testInvalidLogin" classname="com.smarthome.SmartHomeServiceTest" time="0.011">
    <system-out><![CDATA[📋 DynamoDB table 'customers' already exists
🧪 Setting up test environment...
[ERROR] Invalid email or password!
✅ Invalid login test passed
🧹 Cleaned up test environment
]]></system-out>
  </testcase>
  <testcase name="testDeviceControl" classname="com.smarthome.SmartHomeServiceTest" time="0.098">
    <system-out><![CDATA[📋 DynamoDB table 'customers' already exists
🧪 Setting up test environment...
[ERROR] Registration failed! Email might already be registered.
[SUCCESS] Login successful! Welcome back, JUnit Test User!
Error: Invalid model for TV

=== Your Gadgets ===
[INFO] Showing only your personal devices (not part of any group)
[INFO] Use 'Group Management' to create a group and share devices with others
Device List (Enter number to view detailed energy info):
+----+---------------------------------+----------+-----------+-------------+-------------+
| #  | Device                          | Power    | Status    | Usage Time  | Energy(kWh) |
+----+---------------------------------+----------+-----------+-------------+-------------+
| 1  | LIGHT Philips Hue (Kitchen)     |      60W | RUNNING   |     18h 20m |       1.100 |
|    |   Current Session:              |          |           | 18.3h       |             |
| 2  | LIGHT Philips Hue (Living Room) |      60W | RUNNING   |     18h 20m |       1.100 |
|    |   Current Session:              |          |           | 18.3h       |             |
+----+---------------------------------+----------+-----------+-------------+-------------+
Gadget type 'TV' not found!
Available gadgets: LIGHT
✅ Device control test completed
[SUCCESS] Logged out successfully from account: junit.test@example.com
[INFO] You can now register a new account or login with different credentials.
🧹 Cleaned up test environment
]]></system-out>
  </testcase>
  <testcase name="testTimerService" classname="com.smarthome.SmartHomeServiceTest" time="0.007">
    <system-out><![CDATA[📋 DynamoDB table 'customers' already exists
🧪 Setting up test environment...
✅ Timer service test passed
🧹 Cleaned up test environment
]]></system-out>
  </testcase>
</testsuite>